2021-07-05 17:16:13,265 INFO o.a.j.u.JMeterUtils: Setting Locale to en_EN
2021-07-05 17:16:13,304 INFO o.a.j.JMeter: Loading user properties from: /usr/local/Cellar/jmeter/5.3_1/libexec/bin/user.properties
2021-07-05 17:16:13,305 INFO o.a.j.JMeter: Loading system properties from: /usr/local/Cellar/jmeter/5.3_1/libexec/bin/system.properties
2021-07-05 17:16:13,308 INFO o.a.j.JMeter: Copyright (c) 1998-2020 The Apache Software Foundation
2021-07-05 17:16:13,308 INFO o.a.j.JMeter: Version 5.3
2021-07-05 17:16:13,308 INFO o.a.j.JMeter: java.version=15.0.1
2021-07-05 17:16:13,308 INFO o.a.j.JMeter: java.vm.name=OpenJDK 64-Bit Server VM
2021-07-05 17:16:13,308 INFO o.a.j.JMeter: os.name=Mac OS X
2021-07-05 17:16:13,369 INFO o.a.j.JMeter: os.arch=x86_64
2021-07-05 17:16:13,370 INFO o.a.j.JMeter: os.version=10.15.7
2021-07-05 17:16:13,370 INFO o.a.j.JMeter: file.encoding=UTF-8
2021-07-05 17:16:13,370 INFO o.a.j.JMeter: java.awt.headless=null
2021-07-05 17:16:13,381 INFO o.a.j.JMeter: Max memory     =1073741824
2021-07-05 17:16:13,381 INFO o.a.j.JMeter: Available Processors =12
2021-07-05 17:16:13,395 INFO o.a.j.JMeter: Default Locale=English (EN)
2021-07-05 17:16:13,395 INFO o.a.j.JMeter: JMeter  Locale=English (EN)
2021-07-05 17:16:13,395 INFO o.a.j.JMeter: JMeterHome=/usr/local/Cellar/jmeter/5.3_1/libexec
2021-07-05 17:16:13,395 INFO o.a.j.JMeter: user.dir  =/Users/zjh/Documents/Jiuzhang/FlashSale
2021-07-05 17:16:13,395 INFO o.a.j.JMeter: PWD       =/Users/zjh/Documents/Jiuzhang/FlashSale
2021-07-05 17:16:13,397 INFO o.a.j.JMeter: IP: 10.0.0.230 Name: zjh.local FullName: 10.0.0.230
2021-07-05 17:16:14,182 INFO o.a.j.JMeter: Setting LAF to: com.github.weisj.darklaf.DarkLaf:com.github.weisj.darklaf.theme.DarculaTheme
2021-07-05 17:16:16,011 INFO o.a.j.JMeter: Loaded icon properties from org/apache/jmeter/images/icon.properties
2021-07-05 17:16:17,287 INFO o.j.r.JARSourceHTTP: Found cached repo
2021-07-05 17:16:17,459 INFO o.j.r.PluginManager: Plugins Status: [jpgc-plugins-manager=1.4, jmeter-core=5.3, jmeter-ftp=5.3, jmeter-http=5.3, jmeter-jdbc=5.3, jmeter-jms=5.3, jmeter-junit=5.3, jmeter-java=5.3, jmeter-ldap=5.3, jmeter-mail=5.3, jmeter-mongodb=5.3, jmeter-native=5.3, jmeter-tcp=5.3, jmeter-components=5.3]
2021-07-05 17:16:17,460 INFO o.j.r.PluginManagerMenuItem: Plugins Manager has upgrades: [jpgc-plugins-manager]
2021-07-05 17:17:04,960 INFO o.a.j.p.h.s.HTTPSamplerBase: Parser for text/html is org.apache.jmeter.protocol.http.parser.LagartoBasedHtmlParser
2021-07-05 17:17:04,961 INFO o.a.j.p.h.s.HTTPSamplerBase: Parser for application/xhtml+xml is org.apache.jmeter.protocol.http.parser.LagartoBasedHtmlParser
2021-07-05 17:17:04,961 INFO o.a.j.p.h.s.HTTPSamplerBase: Parser for application/xml is org.apache.jmeter.protocol.http.parser.LagartoBasedHtmlParser
2021-07-05 17:17:04,962 INFO o.a.j.p.h.s.HTTPSamplerBase: Parser for text/xml is org.apache.jmeter.protocol.http.parser.LagartoBasedHtmlParser
2021-07-05 17:17:04,962 INFO o.a.j.p.h.s.HTTPSamplerBase: Parser for text/vnd.wap.wml is org.apache.jmeter.protocol.http.parser.RegexpHTMLParser
2021-07-05 17:17:04,962 INFO o.a.j.p.h.s.HTTPSamplerBase: Parser for text/css is org.apache.jmeter.protocol.http.parser.CssParser
2021-07-05 17:17:26,205 INFO o.a.j.e.StandardJMeterEngine: Running the test!
2021-07-05 17:17:26,206 INFO o.a.j.s.SampleEvent: List of sample_variables: []
2021-07-05 17:17:26,206 INFO o.a.j.s.SampleEvent: List of sample_variables: []
2021-07-05 17:17:26,207 INFO o.a.j.e.u.CompoundVariable: Note: Function class names must contain the string: '.functions.'
2021-07-05 17:17:26,208 INFO o.a.j.e.u.CompoundVariable: Note: Function class names must not contain the string: '.gui.'
2021-07-05 17:17:26,280 INFO o.a.j.g.u.JMeterMenuBar: setRunning(true, *local*)
2021-07-05 17:17:26,327 INFO o.a.j.e.StandardJMeterEngine: Starting ThreadGroup: 1 : Thread Group
2021-07-05 17:17:26,328 INFO o.a.j.e.StandardJMeterEngine: Starting 30 threads for group Thread Group.
2021-07-05 17:17:26,328 INFO o.a.j.e.StandardJMeterEngine: Thread will continue on error
2021-07-05 17:17:26,329 INFO o.a.j.t.ThreadGroup: Starting thread group... number=1 threads=30 ramp-up=1 delayedStart=false
2021-07-05 17:17:26,334 INFO o.a.j.t.JMeterThread: Thread started: Thread Group 1-1
2021-07-05 17:17:26,348 INFO o.a.j.p.h.s.HTTPHCAbstractImpl: Local host = zjh.local
2021-07-05 17:17:26,349 INFO o.a.j.t.ThreadGroup: Started thread group number 1
2021-07-05 17:17:26,349 INFO o.a.j.e.StandardJMeterEngine: All thread groups have been started
2021-07-05 17:17:26,360 INFO o.a.j.p.h.s.HTTPHC4Impl: HTTP request retry count = 0
2021-07-05 17:17:26,361 INFO o.a.j.s.SampleResult: Note: Sample TimeStamps are START times
2021-07-05 17:17:26,361 INFO o.a.j.s.SampleResult: sampleresult.default.encoding is set to ISO-8859-1
2021-07-05 17:17:26,362 INFO o.a.j.s.SampleResult: sampleresult.useNanoTime=true
2021-07-05 17:17:26,362 INFO o.a.j.s.SampleResult: sampleresult.nanoThreadSleep=5000
2021-07-05 17:17:26,364 INFO o.a.j.t.JMeterThread: Thread started: Thread Group 1-2
2021-07-05 17:17:26,398 INFO o.a.j.t.JMeterThread: Thread started: Thread Group 1-3
2021-07-05 17:17:26,430 INFO o.a.j.t.JMeterThread: Thread started: Thread Group 1-4
2021-07-05 17:17:26,466 INFO o.a.j.t.JMeterThread: Thread started: Thread Group 1-5
2021-07-05 17:17:26,495 INFO o.a.j.t.JMeterThread: Thread started: Thread Group 1-6
2021-07-05 17:17:26,530 INFO o.a.j.t.JMeterThread: Thread started: Thread Group 1-7
2021-07-05 17:17:26,564 INFO o.a.j.t.JMeterThread: Thread started: Thread Group 1-8
2021-07-05 17:17:26,594 INFO o.a.j.t.JMeterThread: Thread started: Thread Group 1-9
2021-07-05 17:17:26,630 INFO o.a.j.t.JMeterThread: Thread started: Thread Group 1-10
2021-07-05 17:17:26,636 INFO o.a.j.t.JMeterThread: Thread is done: Thread Group 1-5
2021-07-05 17:17:26,636 INFO o.a.j.t.JMeterThread: Thread finished: Thread Group 1-5
2021-07-05 17:17:26,639 INFO o.a.j.t.JMeterThread: Thread is done: Thread Group 1-1
2021-07-05 17:17:26,639 INFO o.a.j.t.JMeterThread: Thread finished: Thread Group 1-1
2021-07-05 17:17:26,641 INFO o.a.j.t.JMeterThread: Thread is done: Thread Group 1-2
2021-07-05 17:17:26,641 INFO o.a.j.t.JMeterThread: Thread finished: Thread Group 1-2
2021-07-05 17:17:26,644 INFO o.a.j.t.JMeterThread: Thread is done: Thread Group 1-8
2021-07-05 17:17:26,644 INFO o.a.j.t.JMeterThread: Thread is done: Thread Group 1-3
2021-07-05 17:17:26,644 INFO o.a.j.t.JMeterThread: Thread is done: Thread Group 1-4
2021-07-05 17:17:26,644 INFO o.a.j.t.JMeterThread: Thread finished: Thread Group 1-4
2021-07-05 17:17:26,644 INFO o.a.j.t.JMeterThread: Thread finished: Thread Group 1-3
2021-07-05 17:17:26,644 INFO o.a.j.t.JMeterThread: Thread finished: Thread Group 1-8
2021-07-05 17:17:26,647 INFO o.a.j.t.JMeterThread: Thread is done: Thread Group 1-7
2021-07-05 17:17:26,647 INFO o.a.j.t.JMeterThread: Thread finished: Thread Group 1-7
2021-07-05 17:17:26,648 INFO o.a.j.t.JMeterThread: Thread is done: Thread Group 1-6
2021-07-05 17:17:26,648 INFO o.a.j.t.JMeterThread: Thread finished: Thread Group 1-6
2021-07-05 17:17:26,663 INFO o.a.j.t.JMeterThread: Thread is done: Thread Group 1-9
2021-07-05 17:17:26,663 INFO o.a.j.t.JMeterThread: Thread finished: Thread Group 1-9
2021-07-05 17:17:26,663 INFO o.a.j.t.JMeterThread: Thread started: Thread Group 1-11
2021-07-05 17:17:26,681 INFO o.a.j.t.JMeterThread: Thread is done: Thread Group 1-10
2021-07-05 17:17:26,681 INFO o.a.j.t.JMeterThread: Thread finished: Thread Group 1-10
2021-07-05 17:17:26,695 INFO o.a.j.t.JMeterThread: Thread started: Thread Group 1-12
2021-07-05 17:17:26,709 INFO o.a.j.t.JMeterThread: Thread is done: Thread Group 1-11
2021-07-05 17:17:26,710 INFO o.a.j.t.JMeterThread: Thread finished: Thread Group 1-11
2021-07-05 17:17:26,730 INFO o.a.j.t.JMeterThread: Thread started: Thread Group 1-13
2021-07-05 17:17:26,738 INFO o.a.j.t.JMeterThread: Thread is done: Thread Group 1-12
2021-07-05 17:17:26,738 INFO o.a.j.t.JMeterThread: Thread finished: Thread Group 1-12
2021-07-05 17:17:26,761 INFO o.a.j.t.JMeterThread: Thread started: Thread Group 1-14
2021-07-05 17:17:26,795 INFO o.a.j.t.JMeterThread: Thread is done: Thread Group 1-13
2021-07-05 17:17:26,795 INFO o.a.j.t.JMeterThread: Thread finished: Thread Group 1-13
2021-07-05 17:17:26,796 INFO o.a.j.t.JMeterThread: Thread started: Thread Group 1-15
2021-07-05 17:17:26,830 INFO o.a.j.t.JMeterThread: Thread started: Thread Group 1-16
2021-07-05 17:17:26,843 INFO o.a.j.t.JMeterThread: Thread is done: Thread Group 1-14
2021-07-05 17:17:26,844 INFO o.a.j.t.JMeterThread: Thread finished: Thread Group 1-14
2021-07-05 17:17:26,861 INFO o.a.j.t.JMeterThread: Thread started: Thread Group 1-17
2021-07-05 17:17:26,879 INFO o.a.j.t.JMeterThread: Thread is done: Thread Group 1-15
2021-07-05 17:17:26,879 INFO o.a.j.t.JMeterThread: Thread finished: Thread Group 1-15
2021-07-05 17:17:26,893 INFO o.a.j.t.JMeterThread: Thread is done: Thread Group 1-16
2021-07-05 17:17:26,893 INFO o.a.j.t.JMeterThread: Thread finished: Thread Group 1-16
2021-07-05 17:17:26,894 INFO o.a.j.t.JMeterThread: Thread started: Thread Group 1-18
2021-07-05 17:17:26,906 INFO o.a.j.t.JMeterThread: Thread is done: Thread Group 1-17
2021-07-05 17:17:26,906 INFO o.a.j.t.JMeterThread: Thread finished: Thread Group 1-17
2021-07-05 17:17:26,925 INFO o.a.j.t.JMeterThread: Thread started: Thread Group 1-19
2021-07-05 17:17:26,943 INFO o.a.j.t.JMeterThread: Thread is done: Thread Group 1-18
2021-07-05 17:17:26,944 INFO o.a.j.t.JMeterThread: Thread finished: Thread Group 1-18
2021-07-05 17:17:26,961 INFO o.a.j.t.JMeterThread: Thread started: Thread Group 1-20
2021-07-05 17:17:26,990 INFO o.a.j.t.JMeterThread: Thread started: Thread Group 1-21
2021-07-05 17:17:27,010 INFO o.a.j.t.JMeterThread: Thread is done: Thread Group 1-19
2021-07-05 17:17:27,011 INFO o.a.j.t.JMeterThread: Thread finished: Thread Group 1-19
2021-07-05 17:17:27,025 INFO o.a.j.t.JMeterThread: Thread started: Thread Group 1-22
2021-07-05 17:17:27,046 INFO o.a.j.t.JMeterThread: Thread is done: Thread Group 1-20
2021-07-05 17:17:27,046 INFO o.a.j.t.JMeterThread: Thread finished: Thread Group 1-20
2021-07-05 17:17:27,058 INFO o.a.j.t.JMeterThread: Thread started: Thread Group 1-23
2021-07-05 17:17:27,059 INFO o.a.j.t.JMeterThread: Thread is done: Thread Group 1-21
2021-07-05 17:17:27,059 INFO o.a.j.t.JMeterThread: Thread finished: Thread Group 1-21
2021-07-05 17:17:27,073 INFO o.a.j.t.JMeterThread: Thread is done: Thread Group 1-22
2021-07-05 17:17:27,073 INFO o.a.j.t.JMeterThread: Thread finished: Thread Group 1-22
2021-07-05 17:17:27,089 INFO o.a.j.t.JMeterThread: Thread started: Thread Group 1-24
2021-07-05 17:17:27,092 INFO o.a.j.t.JMeterThread: Thread is done: Thread Group 1-23
2021-07-05 17:17:27,092 INFO o.a.j.t.JMeterThread: Thread finished: Thread Group 1-23
2021-07-05 17:17:27,120 INFO o.a.j.t.JMeterThread: Thread is done: Thread Group 1-24
2021-07-05 17:17:27,120 INFO o.a.j.t.JMeterThread: Thread finished: Thread Group 1-24
2021-07-05 17:17:27,122 INFO o.a.j.t.JMeterThread: Thread started: Thread Group 1-25
2021-07-05 17:17:27,155 INFO o.a.j.t.JMeterThread: Thread started: Thread Group 1-26
2021-07-05 17:17:27,189 INFO o.a.j.t.JMeterThread: Thread started: Thread Group 1-27
2021-07-05 17:17:27,222 INFO o.a.j.t.JMeterThread: Thread is done: Thread Group 1-25
2021-07-05 17:17:27,222 INFO o.a.j.t.JMeterThread: Thread finished: Thread Group 1-25
2021-07-05 17:17:27,223 INFO o.a.j.t.JMeterThread: Thread started: Thread Group 1-28
2021-07-05 17:17:27,242 INFO o.a.j.t.JMeterThread: Thread is done: Thread Group 1-26
2021-07-05 17:17:27,243 INFO o.a.j.t.JMeterThread: Thread finished: Thread Group 1-26
2021-07-05 17:17:27,254 INFO o.a.j.t.JMeterThread: Thread started: Thread Group 1-29
2021-07-05 17:17:27,272 INFO o.a.j.t.JMeterThread: Thread is done: Thread Group 1-27
2021-07-05 17:17:27,273 INFO o.a.j.t.JMeterThread: Thread finished: Thread Group 1-27
2021-07-05 17:17:27,287 INFO o.a.j.t.JMeterThread: Thread started: Thread Group 1-30
2021-07-05 17:17:27,356 INFO o.a.j.t.JMeterThread: Thread is done: Thread Group 1-28
2021-07-05 17:17:27,357 INFO o.a.j.t.JMeterThread: Thread finished: Thread Group 1-28
2021-07-05 17:17:27,488 INFO o.a.j.t.JMeterThread: Thread is done: Thread Group 1-29
2021-07-05 17:17:27,489 INFO o.a.j.t.JMeterThread: Thread finished: Thread Group 1-29
2021-07-05 17:17:27,556 INFO o.a.j.t.JMeterThread: Thread is done: Thread Group 1-30
2021-07-05 17:17:27,557 INFO o.a.j.t.JMeterThread: Thread finished: Thread Group 1-30
2021-07-05 17:17:27,559 INFO o.a.j.e.StandardJMeterEngine: Notifying test listeners of end of test
2021-07-05 17:17:27,564 INFO o.a.j.s.FileServer: Default base='/Users/zjh/Documents/Jiuzhang/FlashSale'
2021-07-05 17:17:27,565 INFO o.a.j.g.u.JMeterMenuBar: setRunning(false, *local*)
2021-07-05 17:18:56,329 INFO o.a.j.e.StandardJMeterEngine: Running the test!
2021-07-05 17:18:56,330 INFO o.a.j.s.SampleEvent: List of sample_variables: []
2021-07-05 17:18:56,331 INFO o.a.j.g.u.JMeterMenuBar: setRunning(true, *local*)
2021-07-05 17:18:56,369 INFO o.a.j.e.StandardJMeterEngine: Starting ThreadGroup: 1 : Thread Group
2021-07-05 17:18:56,369 INFO o.a.j.e.StandardJMeterEngine: Starting 30 threads for group Thread Group.
2021-07-05 17:18:56,370 INFO o.a.j.e.StandardJMeterEngine: Thread will continue on error
2021-07-05 17:18:56,370 INFO o.a.j.t.ThreadGroup: Starting thread group... number=1 threads=30 ramp-up=1 delayedStart=false
2021-07-05 17:18:56,371 INFO o.a.j.t.JMeterThread: Thread started: Thread Group 1-1
2021-07-05 17:18:56,379 INFO o.a.j.t.ThreadGroup: Started thread group number 1
2021-07-05 17:18:56,379 INFO o.a.j.e.StandardJMeterEngine: All thread groups have been started
2021-07-05 17:18:56,404 INFO o.a.j.t.JMeterThread: Thread started: Thread Group 1-2
2021-07-05 17:18:56,452 INFO o.a.j.t.JMeterThread: Thread started: Thread Group 1-3
2021-07-05 17:18:56,472 INFO o.a.j.t.JMeterThread: Thread started: Thread Group 1-4
2021-07-05 17:18:56,503 INFO o.a.j.t.JMeterThread: Thread started: Thread Group 1-5
2021-07-05 17:18:56,529 INFO o.a.j.t.JMeterThread: Thread is done: Thread Group 1-2
2021-07-05 17:18:56,529 INFO o.a.j.t.JMeterThread: Thread is done: Thread Group 1-1
2021-07-05 17:18:56,529 INFO o.a.j.t.JMeterThread: Thread finished: Thread Group 1-1
2021-07-05 17:18:56,529 INFO o.a.j.t.JMeterThread: Thread finished: Thread Group 1-2
2021-07-05 17:18:56,532 INFO o.a.j.t.JMeterThread: Thread is done: Thread Group 1-4
2021-07-05 17:18:56,532 INFO o.a.j.t.JMeterThread: Thread finished: Thread Group 1-4
2021-07-05 17:18:56,535 INFO o.a.j.t.JMeterThread: Thread started: Thread Group 1-6
2021-07-05 17:18:56,539 INFO o.a.j.t.JMeterThread: Thread is done: Thread Group 1-5
2021-07-05 17:18:56,539 INFO o.a.j.t.JMeterThread: Thread is done: Thread Group 1-3
2021-07-05 17:18:56,539 INFO o.a.j.t.JMeterThread: Thread finished: Thread Group 1-5
2021-07-05 17:18:56,539 INFO o.a.j.t.JMeterThread: Thread finished: Thread Group 1-3
2021-07-05 17:18:56,561 INFO o.a.j.t.JMeterThread: Thread is done: Thread Group 1-6
2021-07-05 17:18:56,562 INFO o.a.j.t.JMeterThread: Thread finished: Thread Group 1-6
2021-07-05 17:18:56,570 INFO o.a.j.t.JMeterThread: Thread started: Thread Group 1-7
2021-07-05 17:18:56,598 INFO o.a.j.t.JMeterThread: Thread is done: Thread Group 1-7
2021-07-05 17:18:56,598 INFO o.a.j.t.JMeterThread: Thread finished: Thread Group 1-7
2021-07-05 17:18:56,602 INFO o.a.j.t.JMeterThread: Thread started: Thread Group 1-8
2021-07-05 17:18:56,640 INFO o.a.j.t.JMeterThread: Thread started: Thread Group 1-9
2021-07-05 17:18:56,654 INFO o.a.j.t.JMeterThread: Thread is done: Thread Group 1-8
2021-07-05 17:18:56,655 INFO o.a.j.t.JMeterThread: Thread finished: Thread Group 1-8
2021-07-05 17:18:56,669 INFO o.a.j.t.JMeterThread: Thread started: Thread Group 1-10
2021-07-05 17:18:56,696 INFO o.a.j.t.JMeterThread: Thread is done: Thread Group 1-9
2021-07-05 17:18:56,697 INFO o.a.j.t.JMeterThread: Thread finished: Thread Group 1-9
2021-07-05 17:18:56,703 INFO o.a.j.t.JMeterThread: Thread started: Thread Group 1-11
2021-07-05 17:18:56,716 INFO o.a.j.t.JMeterThread: Thread is done: Thread Group 1-10
2021-07-05 17:18:56,716 INFO o.a.j.t.JMeterThread: Thread finished: Thread Group 1-10
2021-07-05 17:18:56,735 INFO o.a.j.t.JMeterThread: Thread started: Thread Group 1-12
2021-07-05 17:18:56,752 INFO o.a.j.t.JMeterThread: Thread is done: Thread Group 1-11
2021-07-05 17:18:56,753 INFO o.a.j.t.JMeterThread: Thread finished: Thread Group 1-11
2021-07-05 17:18:56,770 INFO o.a.j.t.JMeterThread: Thread started: Thread Group 1-13
2021-07-05 17:18:56,777 INFO o.a.j.t.JMeterThread: Thread is done: Thread Group 1-12
2021-07-05 17:18:56,777 INFO o.a.j.t.JMeterThread: Thread finished: Thread Group 1-12
2021-07-05 17:18:56,800 INFO o.a.j.t.JMeterThread: Thread started: Thread Group 1-14
2021-07-05 17:18:56,808 INFO o.a.j.t.JMeterThread: Thread is done: Thread Group 1-13
2021-07-05 17:18:56,808 INFO o.a.j.t.JMeterThread: Thread finished: Thread Group 1-13
2021-07-05 17:18:56,833 INFO o.a.j.t.JMeterThread: Thread started: Thread Group 1-15
2021-07-05 17:18:56,850 INFO o.a.j.t.JMeterThread: Thread is done: Thread Group 1-14
2021-07-05 17:18:56,851 INFO o.a.j.t.JMeterThread: Thread finished: Thread Group 1-14
2021-07-05 17:18:56,870 INFO o.a.j.t.JMeterThread: Thread started: Thread Group 1-16
2021-07-05 17:18:56,878 INFO o.a.j.t.JMeterThread: Thread is done: Thread Group 1-15
2021-07-05 17:18:56,879 INFO o.a.j.t.JMeterThread: Thread finished: Thread Group 1-15
2021-07-05 17:18:56,903 INFO o.a.j.t.JMeterThread: Thread started: Thread Group 1-17
2021-07-05 17:18:56,911 INFO o.a.j.t.JMeterThread: Thread is done: Thread Group 1-16
2021-07-05 17:18:56,912 INFO o.a.j.t.JMeterThread: Thread finished: Thread Group 1-16
2021-07-05 17:18:56,933 INFO o.a.j.t.JMeterThread: Thread started: Thread Group 1-18
2021-07-05 17:18:56,934 INFO o.a.j.t.JMeterThread: Thread is done: Thread Group 1-17
2021-07-05 17:18:56,934 INFO o.a.j.t.JMeterThread: Thread finished: Thread Group 1-17
2021-07-05 17:18:56,961 INFO o.a.j.t.JMeterThread: Thread is done: Thread Group 1-18
2021-07-05 17:18:56,961 INFO o.a.j.t.JMeterThread: Thread finished: Thread Group 1-18
2021-07-05 17:18:56,966 INFO o.a.j.t.JMeterThread: Thread started: Thread Group 1-19
2021-07-05 17:18:56,992 INFO o.a.j.t.JMeterThread: Thread is done: Thread Group 1-19
2021-07-05 17:18:56,993 INFO o.a.j.t.JMeterThread: Thread finished: Thread Group 1-19
2021-07-05 17:18:57,001 INFO o.a.j.t.JMeterThread: Thread started: Thread Group 1-20
2021-07-05 17:18:57,033 INFO o.a.j.t.JMeterThread: Thread is done: Thread Group 1-20
2021-07-05 17:18:57,033 INFO o.a.j.t.JMeterThread: Thread finished: Thread Group 1-20
2021-07-05 17:18:57,033 INFO o.a.j.t.JMeterThread: Thread started: Thread Group 1-21
2021-07-05 17:18:57,058 INFO o.a.j.t.JMeterThread: Thread is done: Thread Group 1-21
2021-07-05 17:18:57,058 INFO o.a.j.t.JMeterThread: Thread finished: Thread Group 1-21
2021-07-05 17:18:57,067 INFO o.a.j.t.JMeterThread: Thread started: Thread Group 1-22
2021-07-05 17:18:57,097 INFO o.a.j.t.JMeterThread: Thread started: Thread Group 1-23
2021-07-05 17:18:57,134 INFO o.a.j.t.JMeterThread: Thread started: Thread Group 1-24
2021-07-05 17:18:57,147 INFO o.a.j.t.JMeterThread: Thread is done: Thread Group 1-22
2021-07-05 17:18:57,147 INFO o.a.j.t.JMeterThread: Thread finished: Thread Group 1-22
2021-07-05 17:18:57,162 INFO o.a.j.t.JMeterThread: Thread is done: Thread Group 1-23
2021-07-05 17:18:57,162 INFO o.a.j.t.JMeterThread: Thread is done: Thread Group 1-24
2021-07-05 17:18:57,162 INFO o.a.j.t.JMeterThread: Thread finished: Thread Group 1-24
2021-07-05 17:18:57,162 INFO o.a.j.t.JMeterThread: Thread finished: Thread Group 1-23
2021-07-05 17:18:57,166 INFO o.a.j.t.JMeterThread: Thread started: Thread Group 1-25
2021-07-05 17:18:57,192 INFO o.a.j.t.JMeterThread: Thread is done: Thread Group 1-25
2021-07-05 17:18:57,192 INFO o.a.j.t.JMeterThread: Thread finished: Thread Group 1-25
2021-07-05 17:18:57,195 INFO o.a.j.t.JMeterThread: Thread started: Thread Group 1-26
2021-07-05 17:18:57,219 INFO o.a.j.t.JMeterThread: Thread is done: Thread Group 1-26
2021-07-05 17:18:57,219 INFO o.a.j.t.JMeterThread: Thread finished: Thread Group 1-26
2021-07-05 17:18:57,233 INFO o.a.j.t.JMeterThread: Thread started: Thread Group 1-27
2021-07-05 17:18:57,264 INFO o.a.j.t.JMeterThread: Thread is done: Thread Group 1-27
2021-07-05 17:18:57,264 INFO o.a.j.t.JMeterThread: Thread finished: Thread Group 1-27
2021-07-05 17:18:57,266 INFO o.a.j.t.JMeterThread: Thread started: Thread Group 1-28
2021-07-05 17:18:57,294 INFO o.a.j.t.JMeterThread: Thread is done: Thread Group 1-28
2021-07-05 17:18:57,294 INFO o.a.j.t.JMeterThread: Thread finished: Thread Group 1-28
2021-07-05 17:18:57,294 INFO o.a.j.t.JMeterThread: Thread started: Thread Group 1-29
2021-07-05 17:18:57,319 INFO o.a.j.t.JMeterThread: Thread is done: Thread Group 1-29
2021-07-05 17:18:57,319 INFO o.a.j.t.JMeterThread: Thread finished: Thread Group 1-29
2021-07-05 17:18:57,327 INFO o.a.j.t.JMeterThread: Thread started: Thread Group 1-30
2021-07-05 17:18:57,346 INFO o.a.j.t.JMeterThread: Thread is done: Thread Group 1-30
2021-07-05 17:18:57,346 INFO o.a.j.t.JMeterThread: Thread finished: Thread Group 1-30
2021-07-05 17:18:57,347 INFO o.a.j.e.StandardJMeterEngine: Notifying test listeners of end of test
2021-07-05 17:18:57,347 INFO o.a.j.g.u.JMeterMenuBar: setRunning(false, *local*)
